This file contains any messages produced by compilers while
running configure, to aid debugging if configure makes a mistake.

It was created by App configure 1.8.3, which was
generated by GNU Autoconf 2.69.  Invocation command line was

  $ ./configure 

## --------- ##
## Platform. ##
## --------- ##

hostname = anders-ThinkPad-T420
uname -m = x86_64
uname -r = 4.15.0-43-generic
uname -s = Linux
uname -v = #46~16.04.1-Ubuntu SMP Fri Dec 7 13:31:08 UTC 2018

/usr/bin/uname -p = unknown
/bin/uname -X     = unknown

/bin/arch              = unknown
/usr/bin/arch -k       = unknown
/usr/convex/getsysinfo = unknown
/usr/bin/hostinfo      = unknown
/bin/machine           = unknown
/usr/bin/oslevel       = unknown
/bin/universe          = unknown

PATH: /home/anders/anaconda3/bin
PATH: /home/anders/bin
PATH: /home/anders/.local/bin
PATH: /usr/local/sbin
PATH: /usr/local/bin
PATH: /usr/sbin
PATH: /usr/bin
PATH: /sbin
PATH: /bin
PATH: /usr/games
PATH: /usr/local/games
PATH: /snap/bin
PATH: /home/anders/.dotnet/tools


## ----------- ##
## Core tests. ##
## ----------- ##

configure:2418: checking for a BSD-compatible install
configure:2486: result: /usr/bin/install -c
configure:2497: checking whether build environment is sane
configure:2552: result: yes
configure:2703: checking for a thread-safe mkdir -p
configure:2742: result: /bin/mkdir -p
configure:2749: checking for gawk
configure:2765: found /usr/bin/gawk
configure:2776: result: gawk
configure:2787: checking whether make sets $(MAKE)
configure:2809: result: yes
configure:2838: checking whether make supports nested variables
configure:2855: result: yes
configure:2989: checking for gawk
configure:3016: result: gawk
configure:3145: checking for gcc
configure:3161: found /usr/bin/gcc
configure:3172: result: gcc
configure:3401: checking for C compiler version
configure:3410: gcc --version >&5
gcc (Ubuntu 5.4.0-6ubuntu1~16.04.11) 5.4.0 20160609
Copyright (C) 2015 Free Software Foundation, Inc.
This is free software; see the source for copying conditions.  There is NO
warranty; not even for MERCHANTABILITY or FITNESS FOR A PARTICULAR PURPOSE.

configure:3421: $? = 0
configure:3410: gcc -v >&5
Using built-in specs.
COLLECT_GCC=gcc
COLLECT_LTO_WRAPPER=/usr/lib/gcc/x86_64-linux-gnu/5/lto-wrapper
Target: x86_64-linux-gnu
Configured with: ../src/configure -v --with-pkgversion='Ubuntu 5.4.0-6ubuntu1~16.04.11' --with-bugurl=file:///usr/share/doc/gcc-5/README.Bugs --enable-languages=c,ada,c++,java,go,d,fortran,objc,obj-c++ --prefix=/usr --program-suffix=-5 --enable-shared --enable-linker-build-id --libexecdir=/usr/lib --without-included-gettext --enable-threads=posix --libdir=/usr/lib --enable-nls --with-sysroot=/ --enable-clocale=gnu --enable-libstdcxx-debug --enable-libstdcxx-time=yes --with-default-libstdcxx-abi=new --enable-gnu-unique-object --disable-vtable-verify --enable-libmpx --enable-plugin --with-system-zlib --disable-browser-plugin --enable-java-awt=gtk --enable-gtk-cairo --with-java-home=/usr/lib/jvm/java-1.5.0-gcj-5-amd64/jre --enable-java-home --with-jvm-root-dir=/usr/lib/jvm/java-1.5.0-gcj-5-amd64 --with-jvm-jar-dir=/usr/lib/jvm-exports/java-1.5.0-gcj-5-amd64 --with-arch-directory=amd64 --with-ecj-jar=/usr/share/java/eclipse-ecj.jar --enable-objc-gc --enable-multiarch --disable-werror --with-arch-32=i686 --with-abi=m64 --with-multilib-list=m32,m64,mx32 --enable-multilib --with-tune=generic --enable-checking=release --build=x86_64-linux-gnu --host=x86_64-linux-gnu --target=x86_64-linux-gnu
Thread model: posix
gcc version 5.4.0 20160609 (Ubuntu 5.4.0-6ubuntu1~16.04.11) 
configure:3421: $? = 0
configure:3410: gcc -V >&5
gcc: error: unrecognized command line option '-V'
gcc: fatal error: no input files
compilation terminated.
configure:3421: $? = 1
configure:3410: gcc -qversion >&5
gcc: error: unrecognized command line option '-qversion'
gcc: fatal error: no input files
compilation terminated.
configure:3421: $? = 1
configure:3441: checking whether the C compiler works
configure:3463: gcc   -I/home/anders/developer/git/ore/Engine/QuantLib  -L/home/anders/developer/git/ore/Engine/QuantLib/ql/.libs conftest.c  >&5
configure:3467: $? = 0
configure:3515: result: yes
configure:3518: checking for C compiler default output file name
configure:3520: result: a.out
configure:3526: checking for suffix of executables
configure:3533: gcc -o conftest   -I/home/anders/developer/git/ore/Engine/QuantLib  -L/home/anders/developer/git/ore/Engine/QuantLib/ql/.libs conftest.c  >&5
configure:3537: $? = 0
configure:3559: result: 
configure:3581: checking whether we are cross compiling
configure:3589: gcc -o conftest   -I/home/anders/developer/git/ore/Engine/QuantLib  -L/home/anders/developer/git/ore/Engine/QuantLib/ql/.libs conftest.c  >&5
configure:3593: $? = 0
configure:3600: ./conftest
configure:3604: $? = 0
configure:3619: result: no
configure:3624: checking for suffix of object files
configure:3646: gcc -c   -I/home/anders/developer/git/ore/Engine/QuantLib conftest.c >&5
configure:3650: $? = 0
configure:3671: result: o
configure:3675: checking whether we are using the GNU C compiler
configure:3694: gcc -c   -I/home/anders/developer/git/ore/Engine/QuantLib conftest.c >&5
configure:3694: $? = 0
configure:3703: result: yes
configure:3712: checking whether gcc accepts -g
configure:3732: gcc -c -g  -I/home/anders/developer/git/ore/Engine/QuantLib conftest.c >&5
configure:3732: $? = 0
configure:3773: result: yes
configure:3790: checking for gcc option to accept ISO C89
configure:3853: gcc  -c -g -O2  -I/home/anders/developer/git/ore/Engine/QuantLib conftest.c >&5
configure:3853: $? = 0
configure:3866: result: none needed
configure:3891: checking whether gcc understands -c and -o together
configure:3913: gcc -c conftest.c -o conftest2.o
configure:3916: $? = 0
configure:3913: gcc -c conftest.c -o conftest2.o
configure:3916: $? = 0
configure:3928: result: yes
configure:3956: checking for style of include used by make
configure:3984: result: GNU
configure:4010: checking dependency style of gcc
configure:4121: result: gcc3
configure:4194: checking for g++
configure:4210: found /usr/bin/g++
configure:4221: result: g++
configure:4248: checking for C++ compiler version
configure:4257: g++ --version >&5
g++ (Ubuntu 5.4.0-6ubuntu1~16.04.11) 5.4.0 20160609
Copyright (C) 2015 Free Software Foundation, Inc.
This is free software; see the source for copying conditions.  There is NO
warranty; not even for MERCHANTABILITY or FITNESS FOR A PARTICULAR PURPOSE.

configure:4268: $? = 0
configure:4257: g++ -v >&5
Using built-in specs.
COLLECT_GCC=g++
COLLECT_LTO_WRAPPER=/usr/lib/gcc/x86_64-linux-gnu/5/lto-wrapper
Target: x86_64-linux-gnu
Configured with: ../src/configure -v --with-pkgversion='Ubuntu 5.4.0-6ubuntu1~16.04.11' --with-bugurl=file:///usr/share/doc/gcc-5/README.Bugs --enable-languages=c,ada,c++,java,go,d,fortran,objc,obj-c++ --prefix=/usr --program-suffix=-5 --enable-shared --enable-linker-build-id --libexecdir=/usr/lib --without-included-gettext --enable-threads=posix --libdir=/usr/lib --enable-nls --with-sysroot=/ --enable-clocale=gnu --enable-libstdcxx-debug --enable-libstdcxx-time=yes --with-default-libstdcxx-abi=new --enable-gnu-unique-object --disable-vtable-verify --enable-libmpx --enable-plugin --with-system-zlib --disable-browser-plugin --enable-java-awt=gtk --enable-gtk-cairo --with-java-home=/usr/lib/jvm/java-1.5.0-gcj-5-amd64/jre --enable-java-home --with-jvm-root-dir=/usr/lib/jvm/java-1.5.0-gcj-5-amd64 --with-jvm-jar-dir=/usr/lib/jvm-exports/java-1.5.0-gcj-5-amd64 --with-arch-directory=amd64 --with-ecj-jar=/usr/share/java/eclipse-ecj.jar --enable-objc-gc --enable-multiarch --disable-werror --with-arch-32=i686 --with-abi=m64 --with-multilib-list=m32,m64,mx32 --enable-multilib --with-tune=generic --enable-checking=release --build=x86_64-linux-gnu --host=x86_64-linux-gnu --target=x86_64-linux-gnu
Thread model: posix
gcc version 5.4.0 20160609 (Ubuntu 5.4.0-6ubuntu1~16.04.11) 
configure:4268: $? = 0
configure:4257: g++ -V >&5
g++: error: unrecognized command line option '-V'
g++: fatal error: no input files
compilation terminated.
configure:4268: $? = 1
configure:4257: g++ -qversion >&5
g++: error: unrecognized command line option '-qversion'
g++: fatal error: no input files
compilation terminated.
configure:4268: $? = 1
configure:4272: checking whether we are using the GNU C++ compiler
configure:4291: g++ -c -g -O2 -Wall -std=c++11  -I/home/anders/developer/git/ore/Engine/QuantLib conftest.cpp >&5
configure:4291: $? = 0
configure:4300: result: yes
configure:4309: checking whether g++ accepts -g
configure:4329: g++ -c -g  -I/home/anders/developer/git/ore/Engine/QuantLib conftest.cpp >&5
configure:4329: $? = 0
configure:4370: result: yes
configure:4395: checking dependency style of g++
configure:4506: result: gcc3
configure:4526: checking how to run the C preprocessor
configure:4557: gcc -E  -I/home/anders/developer/git/ore/Engine/QuantLib conftest.c
configure:4557: $? = 0
configure:4571: gcc -E  -I/home/anders/developer/git/ore/Engine/QuantLib conftest.c
conftest.c:11:28: fatal error: ac_nonexistent.h: No such file or directory
compilation terminated.
configure:4571: $? = 1
configure: failed program was:
| /* confdefs.h */
| #define PACKAGE_NAME "App"
| #define PACKAGE_TARNAME "App"
| #define PACKAGE_VERSION "1.8.3"
| #define PACKAGE_STRING "App 1.8.3"
| #define PACKAGE_BUGREPORT "opensourcerisk.org/forum"
| #define PACKAGE_URL ""
| #define PACKAGE "App"
| #define VERSION "1.8.3"
| /* end confdefs.h.  */
| #include <ac_nonexistent.h>
configure:4596: result: gcc -E
configure:4616: gcc -E  -I/home/anders/developer/git/ore/Engine/QuantLib conftest.c
configure:4616: $? = 0
configure:4630: gcc -E  -I/home/anders/developer/git/ore/Engine/QuantLib conftest.c
conftest.c:11:28: fatal error: ac_nonexistent.h: No such file or directory
compilation terminated.
configure:4630: $? = 1
configure: failed program was:
| /* confdefs.h */
| #define PACKAGE_NAME "App"
| #define PACKAGE_TARNAME "App"
| #define PACKAGE_VERSION "1.8.3"
| #define PACKAGE_STRING "App 1.8.3"
| #define PACKAGE_BUGREPORT "opensourcerisk.org/forum"
| #define PACKAGE_URL ""
| #define PACKAGE "App"
| #define VERSION "1.8.3"
| /* end confdefs.h.  */
| #include <ac_nonexistent.h>
configure:4687: checking build system type
configure:4701: result: x86_64-pc-linux-gnu
configure:4721: checking host system type
configure:4734: result: x86_64-pc-linux-gnu
configure:4775: checking how to print strings
configure:4802: result: printf
configure:4823: checking for a sed that does not truncate output
configure:4887: result: /bin/sed
configure:4905: checking for grep that handles long lines and -e
configure:4963: result: /bin/grep
configure:4968: checking for egrep
configure:5030: result: /bin/grep -E
configure:5035: checking for fgrep
configure:5097: result: /bin/grep -F
configure:5132: checking for ld used by gcc
configure:5199: result: /usr/bin/ld
configure:5206: checking if the linker (/usr/bin/ld) is GNU ld
configure:5221: result: yes
configure:5233: checking for BSD- or MS-compatible name lister (nm)
configure:5287: result: /usr/bin/nm -B
configure:5417: checking the name lister (/usr/bin/nm -B) interface
configure:5424: gcc -c -g -O2  -I/home/anders/developer/git/ore/Engine/QuantLib conftest.c >&5
configure:5427: /usr/bin/nm -B "conftest.o"
configure:5430: output
0000000000000000 B some_variable
configure:5437: result: BSD nm
configure:5440: checking whether ln -s works
configure:5444: result: yes
configure:5452: checking the maximum length of command line arguments
configure:5583: result: 1572864
configure:5631: checking how to convert x86_64-pc-linux-gnu file names to x86_64-pc-linux-gnu format
configure:5671: result: func_convert_file_noop
configure:5678: checking how to convert x86_64-pc-linux-gnu file names to toolchain format
configure:5698: result: func_convert_file_noop
configure:5705: checking for /usr/bin/ld option to reload object files
configure:5712: result: -r
configure:5786: checking for objdump
configure:5802: found /usr/bin/objdump
configure:5813: result: objdump
configure:5845: checking how to recognize dependent libraries
configure:6045: result: pass_all
configure:6130: checking for dlltool
configure:6160: result: no
configure:6190: checking how to associate runtime and link libraries
configure:6217: result: printf %s\n
configure:6278: checking for ar
configure:6294: found /usr/bin/ar
configure:6305: result: ar
configure:6342: checking for archiver @FILE support
configure:6359: gcc -c -g -O2  -I/home/anders/developer/git/ore/Engine/QuantLib conftest.c >&5
configure:6359: $? = 0
configure:6362: ar cru libconftest.a @conftest.lst >&5
ar: `u' modifier ignored since `D' is the default (see `U')
configure:6365: $? = 0
configure:6370: ar cru libconftest.a @conftest.lst >&5
ar: `u' modifier ignored since `D' is the default (see `U')
ar: conftest.o: No such file or directory
configure:6373: $? = 1
configure:6385: result: @
configure:6443: checking for strip
configure:6459: found /usr/bin/strip
configure:6470: result: strip
configure:6542: checking for ranlib
configure:6558: found /usr/bin/ranlib
configure:6569: result: ranlib
configure:6671: checking command to parse /usr/bin/nm -B output from gcc object
configure:6824: gcc -c -g -O2  -I/home/anders/developer/git/ore/Engine/QuantLib conftest.c >&5
configure:6827: $? = 0
configure:6831: /usr/bin/nm -B conftest.o \| sed -n -e 's/^.*[ ]\([ABCDGIRSTW][ABCDGIRSTW]*\)[ ][ ]*\([_A-Za-z][_A-Za-z0-9]*\)$/\1 \2 \2/p' | sed '/ __gnu_lto/d' \> conftest.nm
configure:6834: $? = 0
configure:6900: gcc -o conftest -g -O2  -I/home/anders/developer/git/ore/Engine/QuantLib  -L/home/anders/developer/git/ore/Engine/QuantLib/ql/.libs conftest.c conftstm.o >&5
configure:6903: $? = 0
configure:6941: result: ok
configure:6988: checking for sysroot
configure:7018: result: no
configure:7025: checking for a working dd
configure:7063: result: /bin/dd
configure:7067: checking how to truncate binary pipes
configure:7082: result: /bin/dd bs=4096 count=1
configure:7218: gcc -c -g -O2  -I/home/anders/developer/git/ore/Engine/QuantLib conftest.c >&5
configure:7221: $? = 0
configure:7411: checking for mt
configure:7427: found /bin/mt
configure:7438: result: mt
configure:7461: checking if mt is a manifest tool
configure:7467: mt '-?'
configure:7475: result: no
configure:8148: checking for ANSI C header files
configure:8168: gcc -c -g -O2  -I/home/anders/developer/git/ore/Engine/QuantLib conftest.c >&5
configure:8168: $? = 0
configure:8241: gcc -o conftest -g -O2  -I/home/anders/developer/git/ore/Engine/QuantLib  -L/home/anders/developer/git/ore/Engine/QuantLib/ql/.libs conftest.c  >&5
configure:8241: $? = 0
configure:8241: ./conftest
configure:8241: $? = 0
configure:8252: result: yes
configure:8265: checking for sys/types.h
configure:8265: gcc -c -g -O2  -I/home/anders/developer/git/ore/Engine/QuantLib conftest.c >&5
configure:8265: $? = 0
configure:8265: result: yes
configure:8265: checking for sys/stat.h
configure:8265: gcc -c -g -O2  -I/home/anders/developer/git/ore/Engine/QuantLib conftest.c >&5
configure:8265: $? = 0
configure:8265: result: yes
configure:8265: checking for stdlib.h
configure:8265: gcc -c -g -O2  -I/home/anders/developer/git/ore/Engine/QuantLib conftest.c >&5
configure:8265: $? = 0
configure:8265: result: yes
configure:8265: checking for string.h
configure:8265: gcc -c -g -O2  -I/home/anders/developer/git/ore/Engine/QuantLib conftest.c >&5
configure:8265: $? = 0
configure:8265: result: yes
configure:8265: checking for memory.h
configure:8265: gcc -c -g -O2  -I/home/anders/developer/git/ore/Engine/QuantLib conftest.c >&5
configure:8265: $? = 0
configure:8265: result: yes
configure:8265: checking for strings.h
configure:8265: gcc -c -g -O2  -I/home/anders/developer/git/ore/Engine/QuantLib conftest.c >&5
configure:8265: $? = 0
configure:8265: result: yes
configure:8265: checking for inttypes.h
configure:8265: gcc -c -g -O2  -I/home/anders/developer/git/ore/Engine/QuantLib conftest.c >&5
configure:8265: $? = 0
configure:8265: result: yes
configure:8265: checking for stdint.h
configure:8265: gcc -c -g -O2  -I/home/anders/developer/git/ore/Engine/QuantLib conftest.c >&5
configure:8265: $? = 0
configure:8265: result: yes
configure:8265: checking for unistd.h
configure:8265: gcc -c -g -O2  -I/home/anders/developer/git/ore/Engine/QuantLib conftest.c >&5
configure:8265: $? = 0
configure:8265: result: yes
configure:8279: checking for dlfcn.h
configure:8279: gcc -c -g -O2  -I/home/anders/developer/git/ore/Engine/QuantLib conftest.c >&5
configure:8279: $? = 0
configure:8279: result: yes
configure:8546: checking for objdir
configure:8561: result: .libs
configure:8825: checking if gcc supports -fno-rtti -fno-exceptions
configure:8843: gcc -c -g -O2  -I/home/anders/developer/git/ore/Engine/QuantLib -fno-rtti -fno-exceptions conftest.c >&5
cc1: warning: command line option '-fno-rtti' is valid for C++/ObjC++ but not for C
configure:8847: $? = 0
configure:8860: result: no
configure:9218: checking for gcc option to produce PIC
configure:9225: result: -fPIC -DPIC
configure:9233: checking if gcc PIC flag -fPIC -DPIC works
configure:9251: gcc -c -g -O2  -I/home/anders/developer/git/ore/Engine/QuantLib -fPIC -DPIC -DPIC conftest.c >&5
configure:9255: $? = 0
configure:9268: result: yes
configure:9297: checking if gcc static flag -static works
configure:9325: result: yes
configure:9340: checking if gcc supports -c -o file.o
configure:9361: gcc -c -g -O2  -I/home/anders/developer/git/ore/Engine/QuantLib -o out/conftest2.o conftest.c >&5
configure:9365: $? = 0
configure:9387: result: yes
configure:9395: checking if gcc supports -c -o file.o
configure:9442: result: yes
configure:9475: checking whether the gcc linker (/usr/bin/ld -m elf_x86_64) supports shared libraries
configure:10738: result: yes
configure:10775: checking whether -lc should be explicitly linked in
configure:10783: gcc -c -g -O2  -I/home/anders/developer/git/ore/Engine/QuantLib conftest.c >&5
configure:10786: $? = 0
configure:10801: gcc -shared  -fPIC -DPIC conftest.o  -v -Wl,-soname -Wl,conftest -o conftest 2\>\&1 \| /bin/grep  -lc  \>/dev/null 2\>\&1
configure:10804: $? = 0
configure:10818: result: no
configure:10978: checking dynamic linker characteristics
configure:11559: gcc -o conftest -g -O2  -I/home/anders/developer/git/ore/Engine/QuantLib  -L/home/anders/developer/git/ore/Engine/QuantLib/ql/.libs -Wl,-rpath -Wl,/foo conftest.c  >&5
configure:11559: $? = 0
configure:11808: result: GNU/Linux ld.so
configure:11930: checking how to hardcode library paths into programs
configure:11955: result: immediate
configure:12503: checking whether stripping libraries is possible
configure:12508: result: yes
configure:12543: checking if libtool supports shared libraries
configure:12545: result: yes
configure:12548: checking whether to build shared libraries
configure:12573: result: yes
configure:12576: checking whether to build static libraries
configure:12580: result: yes
configure:12603: checking how to run the C++ preprocessor
configure:12630: g++ -E  -I/home/anders/developer/git/ore/Engine/QuantLib conftest.cpp
configure:12630: $? = 0
configure:12644: g++ -E  -I/home/anders/developer/git/ore/Engine/QuantLib conftest.cpp
conftest.cpp:23:28: fatal error: ac_nonexistent.h: No such file or directory
compilation terminated.
configure:12644: $? = 1
configure: failed program was:
| /* confdefs.h */
| #define PACKAGE_NAME "App"
| #define PACKAGE_TARNAME "App"
| #define PACKAGE_VERSION "1.8.3"
| #define PACKAGE_STRING "App 1.8.3"
| #define PACKAGE_BUGREPORT "opensourcerisk.org/forum"
| #define PACKAGE_URL ""
| #define PACKAGE "App"
| #define VERSION "1.8.3"
| #define STDC_HEADERS 1
| #define HAVE_SYS_TYPES_H 1
| #define HAVE_SYS_STAT_H 1
| #define HAVE_STDLIB_H 1
| #define HAVE_STRING_H 1
| #define HAVE_MEMORY_H 1
| #define HAVE_STRINGS_H 1
| #define HAVE_INTTYPES_H 1
| #define HAVE_STDINT_H 1
| #define HAVE_UNISTD_H 1
| #define HAVE_DLFCN_H 1
| #define LT_OBJDIR ".libs/"
| /* end confdefs.h.  */
| #include <ac_nonexistent.h>
configure:12669: result: g++ -E
configure:12689: g++ -E  -I/home/anders/developer/git/ore/Engine/QuantLib conftest.cpp
configure:12689: $? = 0
configure:12703: g++ -E  -I/home/anders/developer/git/ore/Engine/QuantLib conftest.cpp
conftest.cpp:23:28: fatal error: ac_nonexistent.h: No such file or directory
compilation terminated.
configure:12703: $? = 1
configure: failed program was:
| /* confdefs.h */
| #define PACKAGE_NAME "App"
| #define PACKAGE_TARNAME "App"
| #define PACKAGE_VERSION "1.8.3"
| #define PACKAGE_STRING "App 1.8.3"
| #define PACKAGE_BUGREPORT "opensourcerisk.org/forum"
| #define PACKAGE_URL ""
| #define PACKAGE "App"
| #define VERSION "1.8.3"
| #define STDC_HEADERS 1
| #define HAVE_SYS_TYPES_H 1
| #define HAVE_SYS_STAT_H 1
| #define HAVE_STDLIB_H 1
| #define HAVE_STRING_H 1
| #define HAVE_MEMORY_H 1
| #define HAVE_STRINGS_H 1
| #define HAVE_INTTYPES_H 1
| #define HAVE_STDINT_H 1
| #define HAVE_UNISTD_H 1
| #define HAVE_DLFCN_H 1
| #define LT_OBJDIR ".libs/"
| /* end confdefs.h.  */
| #include <ac_nonexistent.h>
configure:12865: checking for ld used by g++
configure:12932: result: /usr/bin/ld -m elf_x86_64
configure:12939: checking if the linker (/usr/bin/ld -m elf_x86_64) is GNU ld
configure:12954: result: yes
configure:13009: checking whether the g++ linker (/usr/bin/ld -m elf_x86_64) supports shared libraries
configure:14082: result: yes
configure:14118: g++ -c -g -O2 -Wall -std=c++11  -I/home/anders/developer/git/ore/Engine/QuantLib conftest.cpp >&5
configure:14121: $? = 0
configure:14602: checking for g++ option to produce PIC
configure:14609: result: -fPIC -DPIC
configure:14617: checking if g++ PIC flag -fPIC -DPIC works
configure:14635: g++ -c -g -O2 -Wall -std=c++11  -I/home/anders/developer/git/ore/Engine/QuantLib -fPIC -DPIC -DPIC conftest.cpp >&5
configure:14639: $? = 0
configure:14652: result: yes
configure:14675: checking if g++ static flag -static works
configure:14703: result: yes
configure:14715: checking if g++ supports -c -o file.o
configure:14736: g++ -c -g -O2 -Wall -std=c++11  -I/home/anders/developer/git/ore/Engine/QuantLib -o out/conftest2.o conftest.cpp >&5
configure:14740: $? = 0
configure:14762: result: yes
configure:14767: checking if g++ supports -c -o file.o
configure:14814: result: yes
configure:14844: checking whether the g++ linker (/usr/bin/ld -m elf_x86_64) supports shared libraries
configure:14887: result: yes
configure:15028: checking dynamic linker characteristics
configure:15785: result: GNU/Linux ld.so
configure:15850: checking how to hardcode library paths into programs
configure:15875: result: immediate
configure:16034: checking for Boost development files
configure:16050: g++ -c -g -O2 -Wall -std=c++11  -I/home/anders/developer/git/ore/Engine/QuantLib conftest.cpp >&5
configure:16050: $? = 0
configure:16051: result: yes
configure:16061: checking for Boost version >= 1.55
configure:16077: g++ -c -g -O2 -Wall -std=c++11  -I/home/anders/developer/git/ore/Engine/QuantLib conftest.cpp >&5
configure:16077: $? = 0
configure:16078: result: yes
configure:16088: checking for Boost::uBLAS support
configure:16103: g++ -c -g -O2 -Wall -std=c++11  -I/home/anders/developer/git/ore/Engine/QuantLib conftest.cpp >&5
configure:16103: $? = 0
configure:16104: result: yes
configure:16118: checking for Boost unit-test framework
configure:16149: g++ -o conftest -g -O2 -Wall -std=c++11  -I/home/anders/developer/git/ore/Engine/QuantLib  -L/home/anders/developer/git/ore/Engine/QuantLib/ql/.libs conftest.cpp  -lboost_unit_test_framework-gcc54 >&5
/usr/bin/ld: cannot find -lboost_unit_test_framework-gcc54
collect2: error: ld returned 1 exit status
configure:16149: $? = 1
configure: failed program was:
| /* confdefs.h */
| #define PACKAGE_NAME "App"
| #define PACKAGE_TARNAME "App"
| #define PACKAGE_VERSION "1.8.3"
| #define PACKAGE_STRING "App 1.8.3"
| #define PACKAGE_BUGREPORT "opensourcerisk.org/forum"
| #define PACKAGE_URL ""
| #define PACKAGE "App"
| #define VERSION "1.8.3"
| #define STDC_HEADERS 1
| #define HAVE_SYS_TYPES_H 1
| #define HAVE_SYS_STAT_H 1
| #define HAVE_STDLIB_H 1
| #define HAVE_STRING_H 1
| #define HAVE_MEMORY_H 1
| #define HAVE_STRINGS_H 1
| #define HAVE_INTTYPES_H 1
| #define HAVE_STDINT_H 1
| #define HAVE_UNISTD_H 1
| #define HAVE_DLFCN_H 1
| #define LT_OBJDIR ".libs/"
| /* end confdefs.h.  */
| #include <boost/test/unit_test.hpp>
|           using namespace boost::unit_test_framework;
|           test_suite*
|           init_unit_test_suite(int argc, char** argv)
|           {
|               return (test_suite*) 0;
|           }
| 
configure:16170: g++ -o conftest -g -O2 -Wall -std=c++11 -DBOOST_TEST_MAIN -DBOOST_TEST_DYN_LINK  -I/home/anders/developer/git/ore/Engine/QuantLib  -L/home/anders/developer/git/ore/Engine/QuantLib/ql/.libs conftest.cpp  -lboost_unit_test_framework-gcc54 >&5
/usr/bin/ld: cannot find -lboost_unit_test_framework-gcc54
collect2: error: ld returned 1 exit status
configure:16170: $? = 1
configure: failed program was:
| /* confdefs.h */
| #define PACKAGE_NAME "App"
| #define PACKAGE_TARNAME "App"
| #define PACKAGE_VERSION "1.8.3"
| #define PACKAGE_STRING "App 1.8.3"
| #define PACKAGE_BUGREPORT "opensourcerisk.org/forum"
| #define PACKAGE_URL ""
| #define PACKAGE "App"
| #define VERSION "1.8.3"
| #define STDC_HEADERS 1
| #define HAVE_SYS_TYPES_H 1
| #define HAVE_SYS_STAT_H 1
| #define HAVE_STDLIB_H 1
| #define HAVE_STRING_H 1
| #define HAVE_MEMORY_H 1
| #define HAVE_STRINGS_H 1
| #define HAVE_INTTYPES_H 1
| #define HAVE_STDINT_H 1
| #define HAVE_UNISTD_H 1
| #define HAVE_DLFCN_H 1
| #define LT_OBJDIR ".libs/"
| /* end confdefs.h.  */
| #include <boost/test/unit_test.hpp>
|           using namespace boost::unit_test_framework;
|           test_suite*
|           init_unit_test_suite(int argc, char** argv)
|           {
|               return (test_suite*) 0;
|           }
| 
configure:16149: g++ -o conftest -g -O2 -Wall -std=c++11  -I/home/anders/developer/git/ore/Engine/QuantLib  -L/home/anders/developer/git/ore/Engine/QuantLib/ql/.libs conftest.cpp  -lboost_unit_test_framework-gcc >&5
/usr/bin/ld: cannot find -lboost_unit_test_framework-gcc
collect2: error: ld returned 1 exit status
configure:16149: $? = 1
configure: failed program was:
| /* confdefs.h */
| #define PACKAGE_NAME "App"
| #define PACKAGE_TARNAME "App"
| #define PACKAGE_VERSION "1.8.3"
| #define PACKAGE_STRING "App 1.8.3"
| #define PACKAGE_BUGREPORT "opensourcerisk.org/forum"
| #define PACKAGE_URL ""
| #define PACKAGE "App"
| #define VERSION "1.8.3"
| #define STDC_HEADERS 1
| #define HAVE_SYS_TYPES_H 1
| #define HAVE_SYS_STAT_H 1
| #define HAVE_STDLIB_H 1
| #define HAVE_STRING_H 1
| #define HAVE_MEMORY_H 1
| #define HAVE_STRINGS_H 1
| #define HAVE_INTTYPES_H 1
| #define HAVE_STDINT_H 1
| #define HAVE_UNISTD_H 1
| #define HAVE_DLFCN_H 1
| #define LT_OBJDIR ".libs/"
| /* end confdefs.h.  */
| #include <boost/test/unit_test.hpp>
|           using namespace boost::unit_test_framework;
|           test_suite*
|           init_unit_test_suite(int argc, char** argv)
|           {
|               return (test_suite*) 0;
|           }
| 
configure:16170: g++ -o conftest -g -O2 -Wall -std=c++11 -DBOOST_TEST_MAIN -DBOOST_TEST_DYN_LINK  -I/home/anders/developer/git/ore/Engine/QuantLib  -L/home/anders/developer/git/ore/Engine/QuantLib/ql/.libs conftest.cpp  -lboost_unit_test_framework-gcc >&5
/usr/bin/ld: cannot find -lboost_unit_test_framework-gcc
collect2: error: ld returned 1 exit status
configure:16170: $? = 1
configure: failed program was:
| /* confdefs.h */
| #define PACKAGE_NAME "App"
| #define PACKAGE_TARNAME "App"
| #define PACKAGE_VERSION "1.8.3"
| #define PACKAGE_STRING "App 1.8.3"
| #define PACKAGE_BUGREPORT "opensourcerisk.org/forum"
| #define PACKAGE_URL ""
| #define PACKAGE "App"
| #define VERSION "1.8.3"
| #define STDC_HEADERS 1
| #define HAVE_SYS_TYPES_H 1
| #define HAVE_SYS_STAT_H 1
| #define HAVE_STDLIB_H 1
| #define HAVE_STRING_H 1
| #define HAVE_MEMORY_H 1
| #define HAVE_STRINGS_H 1
| #define HAVE_INTTYPES_H 1
| #define HAVE_STDINT_H 1
| #define HAVE_UNISTD_H 1
| #define HAVE_DLFCN_H 1
| #define LT_OBJDIR ".libs/"
| /* end confdefs.h.  */
| #include <boost/test/unit_test.hpp>
|           using namespace boost::unit_test_framework;
|           test_suite*
|           init_unit_test_suite(int argc, char** argv)
|           {
|               return (test_suite*) 0;
|           }
| 
configure:16149: g++ -o conftest -g -O2 -Wall -std=c++11  -I/home/anders/developer/git/ore/Engine/QuantLib  -L/home/anders/developer/git/ore/Engine/QuantLib/ql/.libs conftest.cpp  -lboost_unit_test_framework >&5
/usr/lib/gcc/x86_64-linux-gnu/5/../../../x86_64-linux-gnu/crt1.o: In function `_start':
(.text+0x20): undefined reference to `main'
collect2: error: ld returned 1 exit status
configure:16149: $? = 1
configure: failed program was:
| /* confdefs.h */
| #define PACKAGE_NAME "App"
| #define PACKAGE_TARNAME "App"
| #define PACKAGE_VERSION "1.8.3"
| #define PACKAGE_STRING "App 1.8.3"
| #define PACKAGE_BUGREPORT "opensourcerisk.org/forum"
| #define PACKAGE_URL ""
| #define PACKAGE "App"
| #define VERSION "1.8.3"
| #define STDC_HEADERS 1
| #define HAVE_SYS_TYPES_H 1
| #define HAVE_SYS_STAT_H 1
| #define HAVE_STDLIB_H 1
| #define HAVE_STRING_H 1
| #define HAVE_MEMORY_H 1
| #define HAVE_STRINGS_H 1
| #define HAVE_INTTYPES_H 1
| #define HAVE_STDINT_H 1
| #define HAVE_UNISTD_H 1
| #define HAVE_DLFCN_H 1
| #define LT_OBJDIR ".libs/"
| /* end confdefs.h.  */
| #include <boost/test/unit_test.hpp>
|           using namespace boost::unit_test_framework;
|           test_suite*
|           init_unit_test_suite(int argc, char** argv)
|           {
|               return (test_suite*) 0;
|           }
| 
configure:16170: g++ -o conftest -g -O2 -Wall -std=c++11 -DBOOST_TEST_MAIN -DBOOST_TEST_DYN_LINK  -I/home/anders/developer/git/ore/Engine/QuantLib  -L/home/anders/developer/git/ore/Engine/QuantLib/ql/.libs conftest.cpp  -lboost_unit_test_framework >&5
configure:16170: $? = 0
configure:16192: result: yes
configure:16200: checking whether Boost unit-test streams work
configure:16215: g++ -c -g -O2 -Wall -std=c++11  -I/home/anders/developer/git/ore/Engine/QuantLib conftest.cpp >&5
configure:16215: $? = 0
configure:16216: result: yes
configure:16255: checking for emacs
configure:16271: found /usr/bin/emacs
configure:16282: result: emacs
configure:16306: checking where .elc files should go
configure:16319: $EMACS -batch -Q -eval '(while load-path (princ (concat (car load-path) "\n")) (setq load-path (cdr load-path)))' </dev/null >conftest.out
configure:16322: $? = 0
configure:16335: result: ${datadir}/emacs/site-lisp
configure:16355: checking for doxygen
configure:16373: found /usr/bin/doxygen
configure:16385: result: /usr/bin/doxygen
configure:16395: checking for sed
configure:16425: result: /bin/sed
configure:16435: checking for latex
configure:16453: found /usr/bin/latex
configure:16465: result: /usr/bin/latex
configure:16475: checking for pdflatex
configure:16493: found /usr/bin/pdflatex
configure:16505: result: /usr/bin/pdflatex
configure:16515: checking for makeindex
configure:16533: found /usr/bin/makeindex
configure:16545: result: /usr/bin/makeindex
configure:16555: checking for dvips
configure:16573: found /usr/bin/dvips
configure:16585: result: /usr/bin/dvips
configure:16758: checking that generated files are newer than configure
configure:16764: result: done
configure:16803: creating ./config.status

## ---------------------- ##
## Running config.status. ##
## ---------------------- ##

This file was extended by App config.status 1.8.3, which was
generated by GNU Autoconf 2.69.  Invocation command line was

  CONFIG_FILES    = 
  CONFIG_HEADERS  = 
  CONFIG_LINKS    = 
  CONFIG_COMMANDS = 
  $ ./config.status 

on anders-ThinkPad-T420

config.status:1090: creating Makefile
config.status:1090: creating m4/Makefile
config.status:1262: executing depfiles commands
config.status:1262: executing libtool commands

## ---------------- ##
## Cache variables. ##
## ---------------- ##

ac_cv_build=x86_64-pc-linux-gnu
ac_cv_c_compiler_gnu=yes
ac_cv_cxx_compiler_gnu=yes
ac_cv_env_CCC_set=
ac_cv_env_CCC_value=
ac_cv_env_CC_set=
ac_cv_env_CC_value=
ac_cv_env_CFLAGS_set=
ac_cv_env_CFLAGS_value=
ac_cv_env_CPPFLAGS_set=
ac_cv_env_CPPFLAGS_value=
ac_cv_env_CPP_set=
ac_cv_env_CPP_value=
ac_cv_env_CXXCPP_set=
ac_cv_env_CXXCPP_value=
ac_cv_env_CXXFLAGS_set=
ac_cv_env_CXXFLAGS_value=
ac_cv_env_CXX_set=
ac_cv_env_CXX_value=
ac_cv_env_EMACSLOADPATH_set=
ac_cv_env_EMACSLOADPATH_value=
ac_cv_env_EMACS_set=
ac_cv_env_EMACS_value=
ac_cv_env_LDFLAGS_set=
ac_cv_env_LDFLAGS_value=
ac_cv_env_LIBS_set=
ac_cv_env_LIBS_value=
ac_cv_env_LT_SYS_LIBRARY_PATH_set=
ac_cv_env_LT_SYS_LIBRARY_PATH_value=
ac_cv_env_build_alias_set=
ac_cv_env_build_alias_value=
ac_cv_env_host_alias_set=
ac_cv_env_host_alias_value=
ac_cv_env_target_alias_set=
ac_cv_env_target_alias_value=
ac_cv_header_dlfcn_h=yes
ac_cv_header_inttypes_h=yes
ac_cv_header_memory_h=yes
ac_cv_header_stdc=yes
ac_cv_header_stdint_h=yes
ac_cv_header_stdlib_h=yes
ac_cv_header_string_h=yes
ac_cv_header_strings_h=yes
ac_cv_header_sys_stat_h=yes
ac_cv_header_sys_types_h=yes
ac_cv_header_unistd_h=yes
ac_cv_host=x86_64-pc-linux-gnu
ac_cv_objext=o
ac_cv_path_DOXYGEN=/usr/bin/doxygen
ac_cv_path_DVIPS=/usr/bin/dvips
ac_cv_path_EGREP='/bin/grep -E'
ac_cv_path_FGREP='/bin/grep -F'
ac_cv_path_GREP=/bin/grep
ac_cv_path_LATEX=/usr/bin/latex
ac_cv_path_MAKEINDEX=/usr/bin/makeindex
ac_cv_path_PDFLATEX=/usr/bin/pdflatex
ac_cv_path_SED=/bin/sed
ac_cv_path_install='/usr/bin/install -c'
ac_cv_path_lt_DD=/bin/dd
ac_cv_path_mkdir=/bin/mkdir
ac_cv_prog_AWK=gawk
ac_cv_prog_CPP='gcc -E'
ac_cv_prog_CXXCPP='g++ -E'
ac_cv_prog_EMACS=emacs
ac_cv_prog_ac_ct_AR=ar
ac_cv_prog_ac_ct_CC=gcc
ac_cv_prog_ac_ct_CXX=g++
ac_cv_prog_ac_ct_MANIFEST_TOOL=mt
ac_cv_prog_ac_ct_OBJDUMP=objdump
ac_cv_prog_ac_ct_RANLIB=ranlib
ac_cv_prog_ac_ct_STRIP=strip
ac_cv_prog_cc_c89=
ac_cv_prog_cc_g=yes
ac_cv_prog_cxx_g=yes
ac_cv_prog_make_make_set=yes
am_cv_CC_dependencies_compiler_type=gcc3
am_cv_CXX_dependencies_compiler_type=gcc3
am_cv_lispdir='${datadir}/emacs/site-lisp'
am_cv_make_support_nested_variables=yes
am_cv_prog_cc_c_o=yes
lt_cv_ar_at_file=@
lt_cv_archive_cmds_need_lc=no
lt_cv_deplibs_check_method=pass_all
lt_cv_file_magic_cmd='$MAGIC_CMD'
lt_cv_file_magic_test_file=
lt_cv_ld_reload_flag=-r
lt_cv_nm_interface='BSD nm'
lt_cv_objdir=.libs
lt_cv_path_LD=/usr/bin/ld
lt_cv_path_LDCXX='/usr/bin/ld -m elf_x86_64'
lt_cv_path_NM='/usr/bin/nm -B'
lt_cv_path_mainfest_tool=no
lt_cv_prog_compiler_c_o=yes
lt_cv_prog_compiler_c_o_CXX=yes
lt_cv_prog_compiler_pic='-fPIC -DPIC'
lt_cv_prog_compiler_pic_CXX='-fPIC -DPIC'
lt_cv_prog_compiler_pic_works=yes
lt_cv_prog_compiler_pic_works_CXX=yes
lt_cv_prog_compiler_rtti_exceptions=no
lt_cv_prog_compiler_static_works=yes
lt_cv_prog_compiler_static_works_CXX=yes
lt_cv_prog_gnu_ld=yes
lt_cv_prog_gnu_ldcxx=yes
lt_cv_sharedlib_from_linklib_cmd='printf %s\n'
lt_cv_shlibpath_overrides_runpath=no
lt_cv_sys_global_symbol_pipe='sed -n -e '\''s/^.*[	 ]\([ABCDGIRSTW][ABCDGIRSTW]*\)[	 ][	 ]*\([_A-Za-z][_A-Za-z0-9]*\)$/\1 \2 \2/p'\'' | sed '\''/ __gnu_lto/d'\'''
lt_cv_sys_global_symbol_to_c_name_address='sed -n -e '\''s/^: \(.*\) .*$/  {"\1", (void *) 0},/p'\'' -e '\''s/^[ABCDGIRSTW][ABCDGIRSTW]* .* \(.*\)$/  {"\1", (void *) \&\1},/p'\'''
lt_cv_sys_global_symbol_to_c_name_address_lib_prefix='sed -n -e '\''s/^: \(.*\) .*$/  {"\1", (void *) 0},/p'\'' -e '\''s/^[ABCDGIRSTW][ABCDGIRSTW]* .* \(lib.*\)$/  {"\1", (void *) \&\1},/p'\'' -e '\''s/^[ABCDGIRSTW][ABCDGIRSTW]* .* \(.*\)$/  {"lib\1", (void *) \&\1},/p'\'''
lt_cv_sys_global_symbol_to_cdecl='sed -n -e '\''s/^T .* \(.*\)$/extern int \1();/p'\'' -e '\''s/^[ABCDGIRSTW][ABCDGIRSTW]* .* \(.*\)$/extern char \1;/p'\'''
lt_cv_sys_global_symbol_to_import=
lt_cv_sys_max_cmd_len=1572864
lt_cv_to_host_file_cmd=func_convert_file_noop
lt_cv_to_tool_file_cmd=func_convert_file_noop
lt_cv_truncate_bin='/bin/dd bs=4096 count=1'

## ----------------- ##
## Output variables. ##
## ----------------- ##

ACLOCAL='${SHELL} /home/anders/developer/git/ore/Engine/App/missing aclocal-1.15'
AMDEPBACKSLASH='\'
AMDEP_FALSE='#'
AMDEP_TRUE=''
AMTAR='$${TAR-tar}'
AM_BACKSLASH='\'
AM_DEFAULT_V='$(AM_DEFAULT_VERBOSITY)'
AM_DEFAULT_VERBOSITY='1'
AM_V='$(V)'
AR='ar'
AUTOCONF='${SHELL} /home/anders/developer/git/ore/Engine/App/missing autoconf'
AUTOHEADER='${SHELL} /home/anders/developer/git/ore/Engine/App/missing autoheader'
AUTOMAKE='${SHELL} /home/anders/developer/git/ore/Engine/App/missing automake-1.15'
AWK='gawk'
BOOST_INCLUDE=''
BOOST_LIB=''
BOOST_UNIT_TEST_DEFINE='-DQL_WORKING_BOOST_STREAMS'
BOOST_UNIT_TEST_FOUND_FALSE='#'
BOOST_UNIT_TEST_FOUND_TRUE=''
BOOST_UNIT_TEST_LIB='boost_unit_test_framework'
BOOST_UNIT_TEST_MAIN_CXXFLAGS='-DBOOST_TEST_DYN_LINK'
CC='gcc'
CCDEPMODE='depmode=gcc3'
CFLAGS='-g -O2'
CPP='gcc -E'
CPPFLAGS=' -I/home/anders/developer/git/ore/Engine/QuantLib'
CXX='g++'
CXXCPP='g++ -E'
CXXDEPMODE='depmode=gcc3'
CXXFLAGS='-g -O2 -Wall -std=c++11'
CYGPATH_W='echo'
DEFS='-DPACKAGE_NAME=\"App\" -DPACKAGE_TARNAME=\"App\" -DPACKAGE_VERSION=\"1.8.3\" -DPACKAGE_STRING=\"App\ 1.8.3\" -DPACKAGE_BUGREPORT=\"opensourcerisk.org/forum\" -DPACKAGE_URL=\"\" -DPACKAGE=\"App\" -DVERSION=\"1.8.3\" -DSTDC_HEADERS=1 -DHAVE_SYS_TYPES_H=1 -DHAVE_SYS_STAT_H=1 -DHAVE_STDLIB_H=1 -DHAVE_STRING_H=1 -DHAVE_MEMORY_H=1 -DHAVE_STRINGS_H=1 -DHAVE_INTTYPES_H=1 -DHAVE_STDINT_H=1 -DHAVE_UNISTD_H=1 -DHAVE_DLFCN_H=1 -DLT_OBJDIR=\".libs/\"'
DEPDIR='.deps'
DLLTOOL='false'
DOXYGEN='/usr/bin/doxygen'
DSYMUTIL=''
DUMPBIN=''
DVIPS='/usr/bin/dvips'
ECHO_C=''
ECHO_N='-n'
ECHO_T=''
EGREP='/bin/grep -E'
EMACS='emacs'
EMACSLOADPATH=''
EMACS_FOUND_FALSE='#'
EMACS_FOUND_TRUE=''
ENABLE_STATIC_FALSE='#'
ENABLE_STATIC_TRUE=''
EXEEXT=''
FGREP='/bin/grep -F'
GREP='/bin/grep'
INSTALL_DATA='${INSTALL} -m 644'
INSTALL_PROGRAM='${INSTALL}'
INSTALL_SCRIPT='${INSTALL}'
INSTALL_STRIP_PROGRAM='$(install_sh) -c -s'
LATEX='/usr/bin/latex'
LD='/usr/bin/ld -m elf_x86_64'
LDFLAGS=' -L/home/anders/developer/git/ore/Engine/QuantLib/ql/.libs'
LIBOBJS=''
LIBS=''
LIBTOOL='$(SHELL) $(top_builddir)/libtool'
LIPO=''
LN_S='ln -s'
LTLIBOBJS=''
LT_SYS_LIBRARY_PATH=''
MAKEINDEX='/usr/bin/makeindex'
MAKEINFO='${SHELL} /home/anders/developer/git/ore/Engine/App/missing makeinfo'
MANIFEST_TOOL=':'
MKDIR_P='/bin/mkdir -p'
NM='/usr/bin/nm -B'
NMEDIT=''
OBJDUMP='objdump'
OBJEXT='o'
OPENMP_CXXFLAGS=''
OTOOL64=''
OTOOL=''
PACKAGE='App'
PACKAGE_BUGREPORT='opensourcerisk.org/forum'
PACKAGE_NAME='App'
PACKAGE_STRING='App 1.8.3'
PACKAGE_TARNAME='App'
PACKAGE_URL=''
PACKAGE_VERSION='1.8.3'
PATH_SEPARATOR=':'
PDFLATEX='/usr/bin/pdflatex'
RANLIB='ranlib'
SED='/bin/sed'
SET_MAKE=''
SHELL='/bin/bash'
STRIP='strip'
VERSION='1.8.3'
ac_ct_AR='ar'
ac_ct_CC='gcc'
ac_ct_CXX='g++'
ac_ct_DUMPBIN=''
am__EXEEXT_FALSE=''
am__EXEEXT_TRUE='#'
am__fastdepCC_FALSE='#'
am__fastdepCC_TRUE=''
am__fastdepCXX_FALSE='#'
am__fastdepCXX_TRUE=''
am__include='include'
am__isrc=''
am__leading_dot='.'
am__nodep='_no'
am__quote=''
am__tar='$${TAR-tar} chof - "$$tardir"'
am__untar='$${TAR-tar} xf -'
bindir='${exec_prefix}/bin'
build='x86_64-pc-linux-gnu'
build_alias=''
build_cpu='x86_64'
build_os='linux-gnu'
build_vendor='pc'
datadir='${datarootdir}'
datarootdir='${prefix}/share'
docdir='${datarootdir}/doc/${PACKAGE_TARNAME}'
dvidir='${docdir}'
exec_prefix='${prefix}'
host='x86_64-pc-linux-gnu'
host_alias=''
host_cpu='x86_64'
host_os='linux-gnu'
host_vendor='pc'
htmldir='${docdir}'
includedir='${prefix}/include'
infodir='${datarootdir}/info'
install_sh='${SHELL} /home/anders/developer/git/ore/Engine/App/install-sh'
libdir='${exec_prefix}/lib'
libexecdir='${exec_prefix}/libexec'
lispdir='${datadir}/emacs/site-lisp'
localedir='${datarootdir}/locale'
localstatedir='${prefix}/var'
mandir='${datarootdir}/man'
mkdir_p='$(MKDIR_P)'
oldincludedir='/usr/include'
pdfdir='${docdir}'
prefix='/usr/local'
program_transform_name='s,x,x,'
psdir='${docdir}'
runstatedir='${localstatedir}/run'
sbindir='${exec_prefix}/sbin'
sharedstatedir='${prefix}/com'
sysconfdir='${prefix}/etc'
target_alias=''

## ----------- ##
## confdefs.h. ##
## ----------- ##

/* confdefs.h */
#define PACKAGE_NAME "App"
#define PACKAGE_TARNAME "App"
#define PACKAGE_VERSION "1.8.3"
#define PACKAGE_STRING "App 1.8.3"
#define PACKAGE_BUGREPORT "opensourcerisk.org/forum"
#define PACKAGE_URL ""
#define PACKAGE "App"
#define VERSION "1.8.3"
#define STDC_HEADERS 1
#define HAVE_SYS_TYPES_H 1
#define HAVE_SYS_STAT_H 1
#define HAVE_STDLIB_H 1
#define HAVE_STRING_H 1
#define HAVE_MEMORY_H 1
#define HAVE_STRINGS_H 1
#define HAVE_INTTYPES_H 1
#define HAVE_STDINT_H 1
#define HAVE_UNISTD_H 1
#define HAVE_DLFCN_H 1
#define LT_OBJDIR ".libs/"

configure: exit 0
